21-Jul-2024 08:13:29.172 INFO [main] org.apache.catalina.core.StandardServer.await A valid shutdown command was received via the shutdown port. Stopping the Server instance.
21-Jul-2024 08:13:29.172 INFO [main] org.apache.coyote.AbstractProtocol.pause Pausing ProtocolHandler ["http-nio-8080"]
21-Jul-2024 08:13:29.177 INFO [main] org.apache.catalina.core.StandardService.stopInternal Stopping service [Catalina]
21-Jul-2024 08:13:29.217 INFO [main] org.apache.coyote.AbstractProtocol.stop Stopping ProtocolHandler ["http-nio-8080"]
21-Jul-2024 08:13:29.230 INFO [main] org.apache.coyote.AbstractProtocol.destroy Destroying ProtocolHandler ["http-nio-8080"]
21-Jul-2024 11:52:57.563 INFO [main] org.apache.catalina.startup.VersionLoggerListener.log Server version name:   Apache Tomcat/9.0.91
21-Jul-2024 11:52:57.567 INFO [main] org.apache.catalina.startup.VersionLoggerListener.log Server built:          Jul 2 2024 12:35:51 UTC
21-Jul-2024 11:52:57.568 INFO [main] org.apache.catalina.startup.VersionLoggerListener.log Server version number: 9.0.91.0
21-Jul-2024 11:52:57.568 INFO [main] org.apache.catalina.startup.VersionLoggerListener.log OS Name:               Linux
21-Jul-2024 11:52:57.568 INFO [main] org.apache.catalina.startup.VersionLoggerListener.log OS Version:            6.1.96-102.177.amzn2023.x86_64
21-Jul-2024 11:52:57.568 INFO [main] org.apache.catalina.startup.VersionLoggerListener.log Architecture:          amd64
21-Jul-2024 11:52:57.568 INFO [main] org.apache.catalina.startup.VersionLoggerListener.log Java Home:             /usr/lib/jvm/java-11-amazon-corretto
21-Jul-2024 11:52:57.568 INFO [main] org.apache.catalina.startup.VersionLoggerListener.log JVM Version:           11.0.24+8-LTS
21-Jul-2024 11:52:57.568 INFO [main] org.apache.catalina.startup.VersionLoggerListener.log JVM Vendor:            Amazon.com Inc.
21-Jul-2024 11:52:57.569 INFO [main] org.apache.catalina.startup.VersionLoggerListener.log CATALINA_BASE:         /home/ec2-user/apache-tomcat-9.0.91
21-Jul-2024 11:52:57.569 INFO [main] org.apache.catalina.startup.VersionLoggerListener.log CATALINA_HOME:         /home/ec2-user/apache-tomcat-9.0.91
21-Jul-2024 11:52:57.596 INFO [main] org.apache.catalina.startup.VersionLoggerListener.log Command line argument: --add-opens=java.base/java.lang=ALL-UNNAMED
21-Jul-2024 11:52:57.596 INFO [main] org.apache.catalina.startup.VersionLoggerListener.log Command line argument: --add-opens=java.base/java.io=ALL-UNNAMED
21-Jul-2024 11:52:57.597 INFO [main] org.apache.catalina.startup.VersionLoggerListener.log Command line argument: --add-opens=java.base/java.util=ALL-UNNAMED
21-Jul-2024 11:52:57.597 INFO [main] org.apache.catalina.startup.VersionLoggerListener.log Command line argument: --add-opens=java.base/java.util.concurrent=ALL-UNNAMED
21-Jul-2024 11:52:57.597 INFO [main] org.apache.catalina.startup.VersionLoggerListener.log Command line argument: --add-opens=java.rmi/sun.rmi.transport=ALL-UNNAMED
21-Jul-2024 11:52:57.597 INFO [main] org.apache.catalina.startup.VersionLoggerListener.log Command line argument: -Djava.util.logging.config.file=/home/ec2-user/apache-tomcat-9.0.91/conf/logging.properties
21-Jul-2024 11:52:57.597 INFO [main] org.apache.catalina.startup.VersionLoggerListener.log Command line argument: -Djava.util.logging.manager=org.apache.juli.ClassLoaderLogManager
21-Jul-2024 11:52:57.597 INFO [main] org.apache.catalina.startup.VersionLoggerListener.log Command line argument: -Djdk.tls.ephemeralDHKeySize=2048
21-Jul-2024 11:52:57.597 INFO [main] org.apache.catalina.startup.VersionLoggerListener.log Command line argument: -Djava.protocol.handler.pkgs=org.apache.catalina.webresources
21-Jul-2024 11:52:57.598 INFO [main] org.apache.catalina.startup.VersionLoggerListener.log Command line argument: -Dorg.apache.catalina.security.SecurityListener.UMASK=0027
21-Jul-2024 11:52:57.598 INFO [main] org.apache.catalina.startup.VersionLoggerListener.log Command line argument: -Dignore.endorsed.dirs=
21-Jul-2024 11:52:57.598 INFO [main] org.apache.catalina.startup.VersionLoggerListener.log Command line argument: -Dcatalina.base=/home/ec2-user/apache-tomcat-9.0.91
21-Jul-2024 11:52:57.598 INFO [main] org.apache.catalina.startup.VersionLoggerListener.log Command line argument: -Dcatalina.home=/home/ec2-user/apache-tomcat-9.0.91
21-Jul-2024 11:52:57.598 INFO [main] org.apache.catalina.startup.VersionLoggerListener.log Command line argument: -Djava.io.tmpdir=/home/ec2-user/apache-tomcat-9.0.91/temp
21-Jul-2024 11:52:57.600 INFO [main] org.apache.catalina.core.AprLifecycleListener.lifecycleEvent The Apache Tomcat Native library which allows using OpenSSL was not found on the java.library.path: [/usr/java/packages/lib:/usr/lib64:/lib64:/lib:/usr/lib]
21-Jul-2024 11:52:58.146 INFO [main] org.apache.coyote.AbstractProtocol.init Initializing ProtocolHandler ["http-nio-9090"]
21-Jul-2024 11:52:58.203 INFO [main] org.apache.catalina.startup.Catalina.load Server initialization in [1084] milliseconds
21-Jul-2024 11:52:58.320 INFO [main] org.apache.catalina.core.StandardService.startInternal Starting service [Catalina]
21-Jul-2024 11:52:58.321 INFO [main] org.apache.catalina.core.StandardEngine.startInternal Starting Servlet engine: [Apache Tomcat/9.0.91]
21-Jul-2024 11:52:58.333 INFO [main] org.apache.catalina.startup.HostConfig.deployDirectory Deploying web application directory [/home/ec2-user/apache-tomcat-9.0.91/webapps/ROOT]
21-Jul-2024 11:52:58.830 INFO [main] org.apache.catalina.startup.HostConfig.deployDirectory Deployment of web application directory [/home/ec2-user/apache-tomcat-9.0.91/webapps/ROOT] has finished in [496] ms
21-Jul-2024 11:52:58.831 INFO [main] org.apache.catalina.startup.HostConfig.deployDirectory Deploying web application directory [/home/ec2-user/apache-tomcat-9.0.91/webapps/docs]
21-Jul-2024 11:52:58.870 INFO [main] org.apache.catalina.startup.HostConfig.deployDirectory Deployment of web application directory [/home/ec2-user/apache-tomcat-9.0.91/webapps/docs] has finished in [39] ms
21-Jul-2024 11:52:58.871 INFO [main] org.apache.catalina.startup.HostConfig.deployDirectory Deploying web application directory [/home/ec2-user/apache-tomcat-9.0.91/webapps/examples]
21-Jul-2024 11:52:59.309 INFO [main] org.apache.catalina.startup.HostConfig.deployDirectory Deployment of web application directory [/home/ec2-user/apache-tomcat-9.0.91/webapps/examples] has finished in [437] ms
21-Jul-2024 11:52:59.309 INFO [main] org.apache.catalina.startup.HostConfig.deployDirectory Deploying web application directory [/home/ec2-user/apache-tomcat-9.0.91/webapps/host-manager]
21-Jul-2024 11:52:59.351 INFO [main] org.apache.catalina.startup.HostConfig.deployDirectory Deployment of web application directory [/home/ec2-user/apache-tomcat-9.0.91/webapps/host-manager] has finished in [42] ms
21-Jul-2024 11:52:59.352 INFO [main] org.apache.catalina.startup.HostConfig.deployDirectory Deploying web application directory [/home/ec2-user/apache-tomcat-9.0.91/webapps/manager]
21-Jul-2024 11:52:59.400 INFO [main] org.apache.catalina.startup.HostConfig.deployDirectory Deployment of web application directory [/home/ec2-user/apache-tomcat-9.0.91/webapps/manager] has finished in [48] ms
21-Jul-2024 11:52:59.409 INFO [main] org.apache.coyote.AbstractProtocol.start Starting ProtocolHandler ["http-nio-9090"]
21-Jul-2024 11:52:59.425 INFO [main] org.apache.catalina.startup.Catalina.start Server startup in [1221] milliseconds
21-Jul-2024 12:01:59.481 INFO [Catalina-utility-2] org.apache.catalina.users.MemoryUserDatabase.backgroundProcess Reloading memory user database [UserDatabase] from updated source [file:/home/ec2-user/apache-tomcat-9.0.91/conf/tomcat-users.xml]
21-Jul-2024 12:02:59.491 INFO [Catalina-utility-2] org.apache.catalina.users.MemoryUserDatabase.backgroundProcess Reloading memory user database [UserDatabase] from updated source [file:/home/ec2-user/apache-tomcat-9.0.91/conf/tomcat-users.xml]
